<?xml version="1.0" encoding="UTF-8"?>
<!-- Generated by org.testng.reporters.JUnitReportReporter -->
<testsuite hostname="DESKTOP-JD2RA80" failures="0" tests="1" name="com.inetbanking.testCases.TC_AddCustomerTest_003" time="41.269" errors="0" timestamp="09 May 2023 06:26:48 GMT" skipped="0">
  <testcase classname="com.inetbanking.testCases.TC_AddCustomerTest_003" name="addNewCustomer" time="41.269"/>
</testsuite> <!-- com.inetbanking.testCases.TC_AddCustomerTest_003 -->
