<?xml version="1.0" encoding="UTF-8"?>
<!-- Generated by org.testng.reporters.JUnitReportReporter -->
<testsuite hostname="DESKTOP-JD2RA80" failures="0" tests="1" name="com.inetbanking.testCases.TC_Withdrawal_005" time="37.428" errors="0" timestamp="09 May 2023 06:26:47 GMT" skipped="0">
  <testcase classname="com.inetbanking.testCases.TC_Withdrawal_005" name="withdrawFromAccount" time="37.428"/>
</testsuite> <!-- com.inetbanking.testCases.TC_Withdrawal_005 -->
